<?xml version="1.0" encoding="utf-8" ?>
<!DOCTYPE html PUBLIC "-//W3C//DTD XHTML 1.0 Strict//EN"
        "http://www.w3.org/TR/xhtml1/DTD/xhtml1-strict.dtd">
<html xmlns="http://www.w3.org/1999/xhtml" xml:lang="" lang="">
<head>
  <title>Test Results Report - Bank Manager Login</title>
  <meta http-equiv="Content-Type" content="text/html;charset=utf-8" />
  <meta name="description" content="TestNG unit test results." />
  <link href="reportng.css" rel="stylesheet" type="text/css" />
    <script type="text/javascript" src="reportng.js"></script>
</head>
<body>
<h1>Bank Manager Login</h1>
<p>
  Test duration: 28.675s
</p>



  <table class="resultsTable">
    <tr><th colspan="3" class="header failed">Failed Tests</th></tr>
          <tr>
        <td colspan="3" class="group">com.lti.testcases.LoginTest</td>
      </tr>
            
<tr>
  <td class="method">
                  bankManagerLogin
      </td>
  <td class="duration">
    0.293s
  </td>
  <td class="result">
        
    
            <div class="testOutput">
                        Capturing the screenshot
                                <a target="_blank" href=Sat_Jul_22_22_53_05_IST_2023.jpg>Screenshot</a> 
                                <br>
                                <a target="_blank" href=Sat_Jul_22_22_53_05_IST_2023.jpg><img src=Sat_Jul_22_22_53_05_IST_2023.jpg height=200 width=200></img></a> 
                  </div>
    

        <a href="javascript:toggleElement('exception-0', 'block')" title="Click to expand/collapse"><b>java.lang.AssertionError: expected [false] but found [true]</b></a><br />
    <div class="stackTrace" id="exception-0">
              org.testng.Assert.fail(Assert.java:110)<br />
              org.testng.Assert.failNotEquals(Assert.java:1577)<br />
              org.testng.Assert.assertFalse(Assert.java:78)<br />
              org.testng.Assert.assertFalse(Assert.java:88)<br />
              com.lti.testcases.LoginTest.bankManagerLogin(LoginTest.java:17)<br />
              java.base/jdk.internal.reflect.NativeMethodAccessorImpl.invoke0(Native Method)<br />
              java.base/jdk.internal.reflect.NativeMethodAccessorImpl.invoke(NativeMethodAccessorImpl.java:78)<br />
              java.base/jdk.internal.reflect.DelegatingMethodAccessorImpl.invoke(DelegatingMethodAccessorImpl.java:43)<br />
              java.base/java.lang.reflect.Method.invoke(Method.java:567)<br />
              org.testng.internal.invokers.MethodInvocationHelper.invokeMethod(MethodInvocationHelper.java:139)<br />
              org.testng.internal.invokers.TestInvoker.invokeMethod(TestInvoker.java:677)<br />
              org.testng.internal.invokers.TestInvoker.invokeTestMethod(TestInvoker.java:221)<br />
              org.testng.internal.invokers.MethodRunner.runInSequence(MethodRunner.java:50)<br />
              org.testng.internal.invokers.TestInvoker$MethodInvocationAgent.invoke(TestInvoker.java:969)<br />
              org.testng.internal.invokers.TestInvoker.invokeTestMethods(TestInvoker.java:194)<br />
              org.testng.internal.invokers.TestMethodWorker.invokeTestMethods(TestMethodWorker.java:148)<br />
              org.testng.internal.invokers.TestMethodWorker.run(TestMethodWorker.java:128)<br />
              java.base/java.util.ArrayList.forEach(ArrayList.java:1511)<br />
              org.testng.TestRunner.privateRun(TestRunner.java:829)<br />
              org.testng.TestRunner.run(TestRunner.java:602)<br />
              org.testng.SuiteRunner.runTest(SuiteRunner.java:437)<br />
              org.testng.SuiteRunner.runSequentially(SuiteRunner.java:431)<br />
              org.testng.SuiteRunner.privateRun(SuiteRunner.java:391)<br />
              org.testng.SuiteRunner.run(SuiteRunner.java:330)<br />
              org.testng.SuiteRunnerWorker.runSuite(SuiteRunnerWorker.java:52)<br />
              org.testng.SuiteRunnerWorker.run(SuiteRunnerWorker.java:95)<br />
              org.testng.TestNG.runSuitesSequentially(TestNG.java:1256)<br />
              org.testng.TestNG.runSuitesLocally(TestNG.java:1176)<br />
              org.testng.TestNG.runSuites(TestNG.java:1099)<br />
              org.testng.TestNG.run(TestNG.java:1067)<br />
              org.apache.maven.surefire.testng.TestNGExecutor.run(TestNGExecutor.java:283)<br />
              org.apache.maven.surefire.testng.TestNGXmlTestSuite.execute(TestNGXmlTestSuite.java:75)<br />
              org.apache.maven.surefire.testng.TestNGProvider.invoke(TestNGProvider.java:120)<br />
              org.apache.maven.surefire.booter.ForkedBooter.invokeProviderInSameClassLoader(ForkedBooter.java:386)<br />
              org.apache.maven.surefire.booter.ForkedBooter.runSuitesInProcess(ForkedBooter.java:323)<br />
              org.apache.maven.surefire.booter.ForkedBooter.main(ForkedBooter.java:143)<br />
                </div>
      </td>
</tr>
<tr>
  <td class="method">
                  bankManagerLogin1
      </td>
  <td class="duration">
    0.139s
  </td>
  <td class="result">
        
    
            <div class="testOutput">
                        Capturing the screenshot
                                <a target="_blank" href=Sat_Jul_22_22_53_17_IST_2023.jpg>Screenshot</a> 
                                <br>
                                <a target="_blank" href=Sat_Jul_22_22_53_17_IST_2023.jpg><img src=Sat_Jul_22_22_53_17_IST_2023.jpg height=200 width=200></img></a> 
                  </div>
    

        <a href="javascript:toggleElement('exception-1', 'block')" title="Click to expand/collapse"><b>java.lang.AssertionError: expected [false] but found [true]</b></a><br />
    <div class="stackTrace" id="exception-1">
              org.testng.Assert.fail(Assert.java:110)<br />
              org.testng.Assert.failNotEquals(Assert.java:1577)<br />
              org.testng.Assert.assertFalse(Assert.java:78)<br />
              org.testng.Assert.assertFalse(Assert.java:88)<br />
              com.lti.testcases.LoginTest.bankManagerLogin1(LoginTest.java:27)<br />
              java.base/jdk.internal.reflect.NativeMethodAccessorImpl.invoke0(Native Method)<br />
              java.base/jdk.internal.reflect.NativeMethodAccessorImpl.invoke(NativeMethodAccessorImpl.java:78)<br />
              java.base/jdk.internal.reflect.DelegatingMethodAccessorImpl.invoke(DelegatingMethodAccessorImpl.java:43)<br />
              java.base/java.lang.reflect.Method.invoke(Method.java:567)<br />
              org.testng.internal.invokers.MethodInvocationHelper.invokeMethod(MethodInvocationHelper.java:139)<br />
              org.testng.internal.invokers.TestInvoker.invokeMethod(TestInvoker.java:677)<br />
              org.testng.internal.invokers.TestInvoker.invokeTestMethod(TestInvoker.java:221)<br />
              org.testng.internal.invokers.MethodRunner.runInSequence(MethodRunner.java:50)<br />
              org.testng.internal.invokers.TestInvoker$MethodInvocationAgent.invoke(TestInvoker.java:969)<br />
              org.testng.internal.invokers.TestInvoker.invokeTestMethods(TestInvoker.java:194)<br />
              org.testng.internal.invokers.TestMethodWorker.invokeTestMethods(TestMethodWorker.java:148)<br />
              org.testng.internal.invokers.TestMethodWorker.run(TestMethodWorker.java:128)<br />
              java.base/java.util.ArrayList.forEach(ArrayList.java:1511)<br />
              org.testng.TestRunner.privateRun(TestRunner.java:829)<br />
              org.testng.TestRunner.run(TestRunner.java:602)<br />
              org.testng.SuiteRunner.runTest(SuiteRunner.java:437)<br />
              org.testng.SuiteRunner.runSequentially(SuiteRunner.java:431)<br />
              org.testng.SuiteRunner.privateRun(SuiteRunner.java:391)<br />
              org.testng.SuiteRunner.run(SuiteRunner.java:330)<br />
              org.testng.SuiteRunnerWorker.runSuite(SuiteRunnerWorker.java:52)<br />
              org.testng.SuiteRunnerWorker.run(SuiteRunnerWorker.java:95)<br />
              org.testng.TestNG.runSuitesSequentially(TestNG.java:1256)<br />
              org.testng.TestNG.runSuitesLocally(TestNG.java:1176)<br />
              org.testng.TestNG.runSuites(TestNG.java:1099)<br />
              org.testng.TestNG.run(TestNG.java:1067)<br />
              org.apache.maven.surefire.testng.TestNGExecutor.run(TestNGExecutor.java:283)<br />
              org.apache.maven.surefire.testng.TestNGXmlTestSuite.execute(TestNGXmlTestSuite.java:75)<br />
              org.apache.maven.surefire.testng.TestNGProvider.invoke(TestNGProvider.java:120)<br />
              org.apache.maven.surefire.booter.ForkedBooter.invokeProviderInSameClassLoader(ForkedBooter.java:386)<br />
              org.apache.maven.surefire.booter.ForkedBooter.runSuitesInProcess(ForkedBooter.java:323)<br />
              org.apache.maven.surefire.booter.ForkedBooter.main(ForkedBooter.java:143)<br />
                </div>
      </td>
</tr>
      </table>


  
</body>
</html>
